<?xml version="1.0" encoding="UTF-8"?>
<testng-results ignored="0" total="1" passed="1" failed="0" skipped="0">
  <reporter-output>
  </reporter-output>
  <suite started-at="2023-01-26T01:06:03 EST" name="Default suite" finished-at="2023-01-26T01:06:15 EST" duration-ms="12326">
    <groups>
    </groups>
    <test started-at="2023-01-26T01:06:03 EST" name="Default test" finished-at="2023-01-26T01:06:15 EST" duration-ms="12326">
      <class name="selenium_TestCase.TestCase">
        <test-method signature="creatLead()[pri:0, instance:selenium_TestCase.TestCase@61d6015a]" started-at="2023-01-26T01:06:03 EST" name="creatLead" finished-at="2023-01-26T01:06:15 EST" duration-ms="12308" status="PASS">
          <reporter-output>
          </reporter-output>
        </test-method> <!-- creatLead -->
      </class> <!-- selenium_TestCase.TestCase -->
    </test> <!-- Default test -->
  </suite> <!-- Default suite -->
</testng-results>
